# docker images command output

REPOSITORY               TAG                 IMAGE ID            CREATED              SIZE
brdm88/ubuntu-tmp-file   latest              fbf726ba65e3        About a minute ago   112MB
ubuntu                   latest              0458a4468cbc        7 days ago           112MB
nginx                    latest              3f8a4339aadd        5 weeks ago          108MB
hello-world              latest              f2a91732366c        2 months ago         1.85kB



# Extra task ('*') comments

¬ывод команды docker inspect <container_id>
-------------------------------------------

¬ секции общих данных описаны идентификатор, статус, hash id образа, все атрибуты контейнера (логически рассматрива€ последний как хост с ќ—),
а также данные о квотах на ресурсы.


¬ывод команды docker inspect <image_id>
---------------------------------------

¬ секции общих данных описаны идентификатор, статус, hash id родительского образа, данные о контейнерах, созданных на основе данного образа
(данные, специфичные дл€ окружени€ docker). “акже содержатс€ данные обо всех сло€х (layers) образа.


ќбе команды вывод€т данные в формате JSON. 
Image может €вл€тьс€ базой дл€ целого р€да контейнеров и на уровне файловой системы €вл€етс€ неизмен€емым набором слоев 
(вс€ истори€ файловых изменений от базового образа до момента создани€ описываемого).
 онтейнер же на уровне файловой системы он €вл€етс€ лишь одним слоем (upper r/w layer), и также с ним ассоциирован набор атрибутов, характерных дл€
окружени€ машины (настройки сети, окружени€, ресурсов и пр.).
