[
    {
        "Id": "sha256:fbf726ba65e3a96be8cabaef7ccb6faed6e55a9f35c7a6127eac068b288ead1c",
        "RepoTags": [
            "brdm88/ubuntu-tmp-file:latest"
        ],
        "RepoDigests": [],
        "Parent": "sha256:0458a4468cbceea0c304de953305b059803f67693bad463dcbe7cce2c91ba670",
        "Comment": "",
        "Created": "2018-02-02T00:08:00.155797901Z",
        "Container": "19be69e4eb68184443b44ece35558c6a9a5a4240fa3bbe6c3e26f6362cf3c337",
        "ContainerConfig": {
            "Hostname": "19be69e4eb68",
            "Domainname": "",
            "User": "",
            "AttachStdin": true,
            "AttachStdout": true,
            "AttachStderr": true,
            "Tty": true,
            "OpenStdin": true,
            "StdinOnce": true,
            "Env": [
                "PATH=/usr/local/sbin:/usr/local/bin:/usr/sbin:/usr/bin:/sbin:/bin"
            ],
            "Cmd": [
                "bash"
            ],
            "Image": "ubuntu",
            "Volumes": null,
            "WorkingDir": "",
            "Entrypoint": null,
            "OnBuild": null,
            "Labels": {}
        },
        "DockerVersion": "18.02.0-ce-rc2",
        "Author": "",
        "Config": {
            "Hostname": "19be69e4eb68",
            "Domainname": "",
            "User": "",
            "AttachStdin": true,
            "AttachStdout": true,
            "AttachStderr": true,
            "Tty": true,
            "OpenStdin": true,
            "StdinOnce": true,
            "Env": [
                "PATH=/usr/local/sbin:/usr/local/bin:/usr/sbin:/usr/bin:/sbin:/bin"
            ],
            "Cmd": [
                "bash"
            ],
            "Image": "ubuntu",
            "Volumes": null,
            "WorkingDir": "",
            "Entrypoint": null,
            "OnBuild": null,
            "Labels": {}
        },
        "Architecture": "amd64",
        "Os": "linux",
        "Size": 111707167,
        "VirtualSize": 111707167,
        "GraphDriver": {
            "Data": {
                "LowerDir": "/var/lib/docker/overlay2/674c8c566b045149e31edf528e99392eac86f6dd04189908f6789f4b0a33d9b6/diff:/var/lib/docker/overlay2/eef808558606f83de894e11615db49c179718300504d5bb480bacd46285b412e/diff:/var/lib/docker/overlay2/eeef77d098ac05f5ee1b3c87a6b8ac509fb1cbc2046d990182f1a3fde874f65f/diff:/var/lib/docker/overlay2/44d09a3ca2df42cb0bce50286c34d9b8620d3bcf188b7bb1f9820d475584eaf7/diff:/var/lib/docker/overlay2/b1a01015eef3f97188c67f4b074a8fcd4009ee805c23bcd07ea18acaeed69427/diff",
                "MergedDir": "/var/lib/docker/overlay2/8c1c8af4eb468f3c86209411bb84e777d8b24c5d97984c735ee64ca3d6cc424a/merged",
                "UpperDir": "/var/lib/docker/overlay2/8c1c8af4eb468f3c86209411bb84e777d8b24c5d97984c735ee64ca3d6cc424a/diff",
                "WorkDir": "/var/lib/docker/overlay2/8c1c8af4eb468f3c86209411bb84e777d8b24c5d97984c735ee64ca3d6cc424a/work"
            },
            "Name": "overlay2"
        },
        "RootFS": {
            "Type": "layers",
            "Layers": [
                "sha256:ff986b10a018b48074e6d3a68b39aad8ccc002cdad912d4148c0f92b3729323e",
                "sha256:9c7183e0ea88b265d83708dfe5b9189c4e12f9a1d8c3e5bce7f286417653f9b7",
                "sha256:c98ef191df4b42c3fd5155d23385e75ee59707c6a448dfc6c8e4e9c005a3df11",
                "sha256:92914665e7f61f8f19b56bf7983a2b3758cb617bef498b37adb80899e8b86e32",
                "sha256:6f4ce6b888495c7c9bd4a0ac124b039d986a3b18250fa873d11d13b42f6a79f4",
                "sha256:9537374889f4e7b4b035f18cce7fd4fa1b96e0f40de2a538809e503abc03bddb"
            ]
        },
        "Metadata": {
            "LastTagTime": "2018-02-02T00:08:00.161319848Z"
        }
    }
]
