[
    {
        "Id": "19be69e4eb68184443b44ece35558c6a9a5a4240fa3bbe6c3e26f6362cf3c337",
        "Created": "2018-02-01T21:16:50.318559787Z",
        "Path": "bash",
        "Args": [],
        "State": {
            "Status": "exited",
            "Running": false,
            "Paused": false,
            "Restarting": false,
            "OOMKilled": false,
            "Dead": false,
            "Pid": 0,
            "ExitCode": 0,
            "Error": "",
            "StartedAt": "2018-02-01T23:59:08.464519038Z",
            "FinishedAt": "2018-02-02T00:09:25.600287059Z"
        },
        "Image": "sha256:0458a4468cbceea0c304de953305b059803f67693bad463dcbe7cce2c91ba670",
        "ResolvConfPath": "/var/lib/docker/containers/19be69e4eb68184443b44ece35558c6a9a5a4240fa3bbe6c3e26f6362cf3c337/resolv.conf",
        "HostnamePath": "/var/lib/docker/containers/19be69e4eb68184443b44ece35558c6a9a5a4240fa3bbe6c3e26f6362cf3c337/hostname",
        "HostsPath": "/var/lib/docker/containers/19be69e4eb68184443b44ece35558c6a9a5a4240fa3bbe6c3e26f6362cf3c337/hosts",
        "LogPath": "/var/lib/docker/containers/19be69e4eb68184443b44ece35558c6a9a5a4240fa3bbe6c3e26f6362cf3c337/19be69e4eb68184443b44ece35558c6a9a5a4240fa3bbe6c3e26f6362cf3c337-json.log",
        "Name": "/elastic_wing",
        "RestartCount": 0,
        "Driver": "overlay2",
        "Platform": "linux",
        "MountLabel": "",
        "ProcessLabel": "",
        "AppArmorProfile": "",
        "ExecIDs": null,
        "HostConfig": {
            "Binds": null,
            "ContainerIDFile": "",
            "LogConfig": {
                "Type": "json-file",
                "Config": {}
            },
            "NetworkMode": "default",
            "PortBindings": {},
            "RestartPolicy": {
                "Name": "no",
                "MaximumRetryCount": 0
            },
            "AutoRemove": false,
            "VolumeDriver": "",
            "VolumesFrom": null,
            "CapAdd": null,
            "CapDrop": null,
            "Dns": [],
            "DnsOptions": [],
            "DnsSearch": [],
            "ExtraHosts": null,
            "GroupAdd": null,
            "IpcMode": "shareable",
            "Cgroup": "",
            "Links": null,
            "OomScoreAdj": 0,
            "PidMode": "",
            "Privileged": false,
            "PublishAllPorts": false,
            "ReadonlyRootfs": false,
            "SecurityOpt": null,
            "UTSMode": "",
            "UsernsMode": "",
            "ShmSize": 67108864,
            "Runtime": "runc",
            "ConsoleSize": [
                0,
                0
            ],
            "Isolation": "",
            "CpuShares": 0,
            "Memory": 0,
            "NanoCpus": 0,
            "CgroupParent": "",
            "BlkioWeight": 0,
            "BlkioWeightDevice": [],
            "BlkioDeviceReadBps": null,
            "BlkioDeviceWriteBps": null,
            "BlkioDeviceReadIOps": null,
            "BlkioDeviceWriteIOps": null,
            "CpuPeriod": 0,
            "CpuQuota": 0,
            "CpuRealtimePeriod": 0,
            "CpuRealtimeRuntime": 0,
            "CpusetCpus": "",
            "CpusetMems": "",
            "Devices": [],
            "DeviceCgroupRules": null,
            "DiskQuota": 0,
            "KernelMemory": 0,
            "MemoryReservation": 0,
            "MemorySwap": 0,
            "MemorySwappiness": null,
            "OomKillDisable": false,
            "PidsLimit": 0,
            "Ulimits": null,
            "CpuCount": 0,
            "CpuPercent": 0,
            "IOMaximumIOps": 0,
            "IOMaximumBandwidth": 0
        },
        "GraphDriver": {
            "Data": {
                "LowerDir": "/var/lib/docker/overlay2/bf294b977b6043a23d8c803a0fc29125d2d1bda2abb4e5669d1c78417a442e41-init/diff:/var/lib/docker/overlay2/674c8c566b045149e31edf528e99392eac86f6dd04189908f6789f4b0a33d9b6/diff:/var/lib/docker/overlay2/eef808558606f83de894e11615db49c179718300504d5bb480bacd46285b412e/diff:/var/lib/docker/overlay2/eeef77d098ac05f5ee1b3c87a6b8ac509fb1cbc2046d990182f1a3fde874f65f/diff:/var/lib/docker/overlay2/44d09a3ca2df42cb0bce50286c34d9b8620d3bcf188b7bb1f9820d475584eaf7/diff:/var/lib/docker/overlay2/b1a01015eef3f97188c67f4b074a8fcd4009ee805c23bcd07ea18acaeed69427/diff",
                "MergedDir": "/var/lib/docker/overlay2/bf294b977b6043a23d8c803a0fc29125d2d1bda2abb4e5669d1c78417a442e41/merged",
                "UpperDir": "/var/lib/docker/overlay2/bf294b977b6043a23d8c803a0fc29125d2d1bda2abb4e5669d1c78417a442e41/diff",
                "WorkDir": "/var/lib/docker/overlay2/bf294b977b6043a23d8c803a0fc29125d2d1bda2abb4e5669d1c78417a442e41/work"
            },
            "Name": "overlay2"
        },
        "Mounts": [],
        "Config": {
            "Hostname": "19be69e4eb68",
            "Domainname": "",
            "User": "",
            "AttachStdin": true,
            "AttachStdout": true,
            "AttachStderr": true,
            "Tty": true,
            "OpenStdin": true,
            "StdinOnce": true,
            "Env": [
                "PATH=/usr/local/sbin:/usr/local/bin:/usr/sbin:/usr/bin:/sbin:/bin"
            ],
            "Cmd": [
                "bash"
            ],
            "Image": "ubuntu",
            "Volumes": null,
            "WorkingDir": "",
            "Entrypoint": null,
            "OnBuild": null,
            "Labels": {}
        },
        "NetworkSettings": {
            "Bridge": "",
            "SandboxID": "ee9f1c09e96e5bbc071fd03528e7631450a36cb91c8d699917949ef55ebc9dce",
            "HairpinMode": false,
            "LinkLocalIPv6Address": "",
            "LinkLocalIPv6PrefixLen": 0,
            "Ports": {},
            "SandboxKey": "/var/run/docker/netns/ee9f1c09e96e",
            "SecondaryIPAddresses": null,
            "SecondaryIPv6Addresses": null,
            "EndpointID": "",
            "Gateway": "",
            "GlobalIPv6Address": "",
            "GlobalIPv6PrefixLen": 0,
            "IPAddress": "",
            "IPPrefixLen": 0,
            "IPv6Gateway": "",
            "MacAddress": "",
            "Networks": {
                "bridge": {
                    "IPAMConfig": null,
                    "Links": null,
                    "Aliases": null,
                    "NetworkID": "baf3326191cc721078837334d91577072afa5d409248c7c15fb613d116c70328",
                    "EndpointID": "",
                    "Gateway": "",
                    "IPAddress": "",
                    "IPPrefixLen": 0,
                    "IPv6Gateway": "",
                    "GlobalIPv6Address": "",
                    "GlobalIPv6PrefixLen": 0,
                    "MacAddress": "",
                    "DriverOpts": null
                }
            }
        }
    }
]
