# docker images command output

REPOSITORY               TAG                 IMAGE ID            CREATED              SIZE
brdm88/ubuntu-tmp-file   latest              fbf726ba65e3        About a minute ago   112MB
ubuntu                   latest              0458a4468cbc        7 days ago           112MB
nginx                    latest              3f8a4339aadd        5 weeks ago          108MB
hello-world              latest              f2a91732366c        2 months ago         1.85kB



# Extra task ('*') comments

Вывод команды docker inspect <container_id>
-------------------------------------------

В секции общих данных описаны идентификатор, статус, hash id образа, все атрибуты контейнера (логически рассматривая последний
ак хост с ОС), а также данные о квотах на ресурсы.


Вывод команды docker inspect <image_id>
---------------------------------------

В секции общих данных описаны идентификатор, статус, hash id родительского образа, данные о контейнерах, созданных на основе 
данного образа (данные, специфичные для окружения docker). Также содержатся данные обо всех слоях (layers) образа.


Обе команды выводят данные в формате JSON. 
Image может являться базой для целого ряда контейнеров и на уровне файловой системы является неизменяемым набором слоев 
(вся история файловых изменений от базового образа до момента создания описываемого).
Контейнер же на уровне файловой системы он является лишь одним слоем (upper r/w layer), и также с ним ассоциирован набор атрибутов, 
характерных для окружения машины (настройки сети, окружения, ресурсов и прочее).
